<?xml version="1.0" encoding="UTF-8"?>
<coverage generated="1680024073775" clover="3.2.0">
  <project timestamp="1680024073776" name="All files">
    <metrics statements="14" coveredstatements="7" conditionals="6" coveredconditionals="1" methods="5" coveredmethods="2" elements="25" coveredelements="10" complexity="0" loc="14" ncloc="14" packages="1" files="1" classes="1"/>
    <file name="Roller.ts" path="C:\Users\asharma7\Software-Engineering\RollerJS\src\Roller.ts">
      <metrics statements="14" coveredstatements="7" conditionals="6" coveredconditionals="1" methods="5" coveredmethods="2"/>
      <line num="1" count="1" type="stmt"/>
      <line num="7" count="1" type="cond" truecount="1" falsecount="1"/>
      <line num="8" count="1" type="stmt"/>
      <line num="9" count="1" type="stmt"/>
      <line num="10" count="6" type="stmt"/>
      <line num="12" count="1" type="stmt"/>
      <line num="16" count="0" type="cond" truecount="0" falsecount="4"/>
      <line num="17" count="0" type="stmt"/>
      <line num="18" count="0" type="stmt"/>
      <line num="20" count="0" type="stmt"/>
      <line num="22" count="0" type="stmt"/>
      <line num="26" count="0" type="stmt"/>
      <line num="30" count="0" type="stmt"/>
      <line num="34" count="1" type="stmt"/>
    </file>
  </project>
</coverage>
